<?xml version="1.0" encoding="UTF-8"?>
<!-- Generated by org.testng.reporters.JUnitXMLReporter -->
<testsuite hostname="INBLL000516" ignored="0" name="Default test" tests="9" failures="0" timestamp="2022-01-15T17:02:12 IST" time="31.933" errors="0">
  <testcase name="login" time="0.127" classname="com.psl.OpenCart.Tests.newAddress"/>
  <testcase name="Mp3Player_menu" time="5.157" classname="com.psl.OpenCart.Tests.newAddress"/>
  <testcase name="Mp3_sorting" time="3.07" classname="com.psl.OpenCart.Tests.newAddress"/>
  <testcase name="Mp3_List" time="2.049" classname="com.psl.OpenCart.Tests.newAddress"/>
  <testcase name="Mp3_select" time="3.506" classname="com.psl.OpenCart.Tests.newAddress"/>
  <testcase name="Mp3_wishList" time="2.048" classname="com.psl.OpenCart.Tests.newAddress"/>
  <testcase name="Mp3_addToCart" time="2.046" classname="com.psl.OpenCart.Tests.newAddress"/>
  <testcase name="addressbook" time="5.68" classname="com.psl.OpenCart.Tests.newAddress"/>
  <testcase name="newAddress_data" time="1.692" classname="com.psl.OpenCart.Tests.newAddress"/>
</testsuite> <!-- Default test -->
