<?xml version="1.0" encoding="UTF-8"?>
<testng-results skipped="0" failed="0" ignored="0" total="9" passed="9">
  <reporter-output>
  </reporter-output>
  <suite name="Default suite" duration-ms="31933" started-at="2022-01-15T17:01:40 IST" finished-at="2022-01-15T17:02:12 IST">
    <groups>
    </groups>
    <test name="Default test" duration-ms="31933" started-at="2022-01-15T17:01:40 IST" finished-at="2022-01-15T17:02:12 IST">
      <class name="com.psl.OpenCart.Tests.newAddress">
        <test-method status="PASS" signature="start()[pri:0, instance:com.psl.OpenCart.Tests.newAddress@727803de]" name="start" is-config="true" duration-ms="6485" started-at="2022-01-15T17:01:40 IST" finished-at="2022-01-15T17:01:46 IST">
          <reporter-output>
          </reporter-output>
        </test-method> <!-- start -->
        <test-method status="PASS" signature="login()[pri:1, instance:com.psl.OpenCart.Tests.newAddress@727803de]" name="login" duration-ms="127" started-at="2022-01-15T17:01:46 IST" finished-at="2022-01-15T17:01:46 IST">
          <reporter-output>
          </reporter-output>
        </test-method> <!-- login -->
        <test-method status="PASS" signature="Mp3Player_menu()[pri:2, instance:com.psl.OpenCart.Tests.newAddress@727803de]" name="Mp3Player_menu" duration-ms="5157" started-at="2022-01-15T17:01:46 IST" finished-at="2022-01-15T17:01:52 IST">
          <reporter-output>
          </reporter-output>
        </test-method> <!-- Mp3Player_menu -->
        <test-method status="PASS" signature="Mp3_sorting()[pri:3, instance:com.psl.OpenCart.Tests.newAddress@727803de]" name="Mp3_sorting" duration-ms="3070" started-at="2022-01-15T17:01:52 IST" finished-at="2022-01-15T17:01:55 IST">
          <reporter-output>
          </reporter-output>
        </test-method> <!-- Mp3_sorting -->
        <test-method status="PASS" signature="Mp3_List()[pri:4, instance:com.psl.OpenCart.Tests.newAddress@727803de]" name="Mp3_List" duration-ms="2049" started-at="2022-01-15T17:01:55 IST" finished-at="2022-01-15T17:01:57 IST">
          <reporter-output>
          </reporter-output>
        </test-method> <!-- Mp3_List -->
        <test-method status="PASS" signature="Mp3_select()[pri:5, instance:com.psl.OpenCart.Tests.newAddress@727803de]" name="Mp3_select" duration-ms="3506" started-at="2022-01-15T17:01:57 IST" finished-at="2022-01-15T17:02:00 IST">
          <reporter-output>
          </reporter-output>
        </test-method> <!-- Mp3_select -->
        <test-method status="PASS" signature="Mp3_wishList()[pri:6, instance:com.psl.OpenCart.Tests.newAddress@727803de]" name="Mp3_wishList" duration-ms="2048" started-at="2022-01-15T17:02:00 IST" finished-at="2022-01-15T17:02:02 IST">
          <reporter-output>
          </reporter-output>
        </test-method> <!-- Mp3_wishList -->
        <test-method status="PASS" signature="Mp3_addToCart()[pri:7, instance:com.psl.OpenCart.Tests.newAddress@727803de]" name="Mp3_addToCart" duration-ms="2046" started-at="2022-01-15T17:02:02 IST" finished-at="2022-01-15T17:02:04 IST">
          <reporter-output>
          </reporter-output>
        </test-method> <!-- Mp3_addToCart -->
        <test-method status="PASS" signature="addressbook()[pri:8, instance:com.psl.OpenCart.Tests.newAddress@727803de]" name="addressbook" duration-ms="5680" started-at="2022-01-15T17:02:04 IST" finished-at="2022-01-15T17:02:10 IST">
          <reporter-output>
          </reporter-output>
        </test-method> <!-- addressbook -->
        <test-method status="PASS" signature="newAddress_data()[pri:9, instance:com.psl.OpenCart.Tests.newAddress@727803de]" name="newAddress_data" duration-ms="1692" started-at="2022-01-15T17:02:10 IST" finished-at="2022-01-15T17:02:12 IST">
          <reporter-output>
          </reporter-output>
        </test-method> <!-- newAddress_data -->
        <test-method status="PASS" signature="closeBrowser()[pri:0, instance:com.psl.OpenCart.Tests.newAddress@727803de]" name="closeBrowser" is-config="true" duration-ms="17" started-at="2022-01-15T17:02:12 IST" finished-at="2022-01-15T17:02:12 IST">
          <reporter-output>
          </reporter-output>
        </test-method> <!-- closeBrowser -->
      </class> <!-- com.psl.OpenCart.Tests.newAddress -->
    </test> <!-- Default test -->
  </suite> <!-- Default suite -->
</testng-results>
